Arguments: 
  /snap/node/5770/bin/node /snap/node/5770/bin/yarn.js global dir

PATH: 
  /home/stdimitrov/Desktop/mobile app/mobile/node_modules/.bin:/home/stdimitrov/Desktop/mobile app/node_modules/.bin:/home/stdimitrov/Desktop/node_modules/.bin:/home/stdimitrov/node_modules/.bin:/home/node_modules/.bin:/node_modules/.bin:/usr/local/lib/node_modules/npm/node_modules/@npmcli/run-script/lib/node-gyp-bin:/usr/local/sbin:/usr/local/bin:/usr/sbin:/usr/bin:/sbin:/bin:/usr/games:/usr/local/games:/snap/bin

Yarn version: 
  1.22.17

Node version: 
  16.13.2

Platform: 
  linux x64

Trace: 
  Error: EACCES: permission denied, write
      at writeSync (node:fs:884:3)
      at SyncWriteStream._write (node:internal/fs/sync_write_stream:25:3)
      at writeOrBuffer (node:internal/streams/writable:389:12)
      at _write (node:internal/streams/writable:330:10)
      at SyncWriteStream.Writable.write (node:internal/streams/writable:334:10)
      at ConsoleReporter._log (/snap/node/5770/lib/cli.js:96904:17)
      at ConsoleReporter.log (/snap/node/5770/lib/cli.js:96892:10)
      at dir (/snap/node/5770/lib/cli.js:36299:14)
      at Object.<anonymous> (/snap/node/5770/lib/cli.js:25983:25)
      at Generator.next (<anonymous>)

npm manifest: 
  {
    "name": "mobile",
    "version": "1.0.0",
    "main": "node_modules/expo/AppEntry.js",
    "scripts": {
      "start": "expo start",
      "android": "expo start --android",
      "ios": "expo start --ios",
      "web": "expo start --web",
      "eject": "expo eject"
    },
    "dependencies": {
      "@react-navigation/native-stack": "^6.2.5",
      "expo": "~44.0.0",
      "expo-status-bar": "~1.2.0",
      "react": "17.0.1",
      "react-dom": "17.0.1",
      "react-native": "0.64.3",
      "react-native-cli": "^2.0.1",
      "react-native-gesture-handler": "^2.2.0",
      "react-native-web": "0.17.1"
    },
    "devDependencies": {
      "@babel/core": "^7.12.9"
    },
    "private": true
  }

yarn manifest: 
  No manifest

Lockfile: 
  No lockfile
